<?xml version="1.0" encoding="UTF-8"?>
<!-- Generated by org.testng.reporters.JUnitXMLReporter -->
<testsuite ignored="0" hostname="LAPTOP-IO7O6G3K" failures="0" tests="2" name="Default test" time="6.965" errors="0" timestamp="2024-11-14T19:32:17 IST">
  <testcase classname="test.SwagLabLoginTest" name="verifyIfUserIsAbleToLoginWithValidCredentials" time="0.408"/>
  <testcase classname="test.SwagLabLoginTest" name="verifyIfWarningMesaageIsDisplayedForLockedUser" time="0.406"/>
</testsuite> <!-- Default test -->
